This is pdfTeX, Version 3.14159265-2.6-1.40.15 (TeX Live 2015/dev/Debian) (preloaded format=pdflatex 2016.10.22)  7 JAN 2017 02:38
entering extended mode
 restricted \write18 enabled.
 %&-line parsing enabled.
**/home/federico/Dropbox/.Archivo/código/latex/uchile/latex/title
(/home/federico/Dropbox/.Archivo/código/latex/uchile/latex/title.tex
LaTeX2e <2014/05/01>
Babel <3.9l> and hyphenation patterns for 2 languages loaded.

! LaTeX Error: Environment titlepage undefined.

See the LaTeX manual or LaTeX Companion for explanation.
Type  H <return>  for immediate help.
 ...                                              
                                                  
l.1 \begin{titlepage}
                      
Here is how much of TeX's memory you used:
 7 strings out of 495020
 452 string characters out of 6181323
 45973 words of memory out of 5000000
 3321 multiletter control sequences out of 15000+600000
 3640 words of font info for 14 fonts, out of 8000000 for 9000
 14 hyphenation exceptions out of 8191
 5i,0n,4p,94b,16s stack positions out of 5000i,500n,10000p,200000b,80000s

!  ==> Fatal error occurred, no output PDF file produced!
